<?xml version="1.0" encoding="utf-8"?><testsuites name="pytest tests"><testsuite name="pytest" errors="0" failures="0" skipped="0" tests="11" time="1.910" timestamp="2026-06-21T23:04:11.836844+00:00" hostname="agent-env-08974799-cc2f-4075-9e53-0ff1bed5dede"><testcase classname="backend.tests.test_bracket_admin_results.TestBracketMeta" name="test_groups_present" time="0.175" /><testcase classname="backend.tests.test_bracket_admin_results.TestBracketMeta" name="test_group_a_official_teams" time="0.000" /><testcase classname="backend.tests.test_bracket_admin_results.TestBracketMeta" name="test_pichichi_candidates" time="0.000" /><testcase classname="backend.tests.test_bracket_admin_results.TestAdminAuth" name="test_super_admin_login" time="0.417" /><testcase classname="backend.tests.test_bracket_admin_results.TestAdminAuth" name="test_admin_results_get_requires_auth" time="0.161" /><testcase classname="backend.tests.test_bracket_admin_results.TestAdminAuth" name="test_admin_results_get_ok" time="0.049" /><testcase classname="backend.tests.test_bracket_admin_results.TestAdminResultsPersistence" name="test_put_official_results" time="0.055" /><testcase classname="backend.tests.test_bracket_admin_results.TestAdminResultsPersistence" name="test_get_returns_saved_results" time="0.048" /><testcase classname="backend.tests.test_bracket_admin_results.TestProBracketScoring" name="test_admin_predictions_contains_score" time="0.760" /><testcase classname="backend.tests.test_bracket_admin_results.TestProBracketScoring" name="test_leaderboard_includes_submission" time="0.107" /><testcase classname="backend.tests.test_bracket_admin_results.TestPartialAdminSave" name="test_partial_save_allowed" time="0.052" /></testsuite></testsuites>