<?xml version="1.0" encoding="utf-8"?><testsuites name="pytest tests"><testsuite name="pytest" errors="0" failures="0" skipped="0" tests="23" time="57.593" timestamp="2026-04-29T15:40:35.637224+00:00" hostname="agent-env-a9680766-dcec-4dd4-953f-1d4a55b3ed63"><testcase classname="backend.tests.test_content_studio.TestAuth" name="test_dj_login_role_and_host_slug" time="0.470" /><testcase classname="backend.tests.test_content_studio.TestAuth" name="test_admin_login_role" time="0.336" /><testcase classname="backend.tests.test_content_studio.TestAuth" name="test_me_returns_role_and_host_slug" time="0.574" /><testcase classname="backend.tests.test_content_studio.TestDjMe" name="test_dj_me_unauth_returns_401" time="0.127" /><testcase classname="backend.tests.test_content_studio.TestDjMe" name="test_dj_me_for_dj" time="0.108" /><testcase classname="backend.tests.test_content_studio.TestDjMe" name="test_dj_me_for_admin" time="0.451" /><testcase classname="backend.tests.test_content_studio.TestTemplates" name="test_templates_returns_8" time="0.118" /><testcase classname="backend.tests.test_content_studio.TestTemplates" name="test_templates_unauth" time="0.112" /><testcase classname="backend.tests.test_content_studio.TestGenerate" name="test_invalid_template_returns_400" time="0.151" /><testcase classname="backend.tests.test_content_studio.TestGenerate" name="test_generate_musical_recommendation" time="9.197" /><testcase classname="backend.tests.test_content_studio.TestGenerate" name="test_generate_with_save_persists_draft" time="10.991" /><testcase classname="backend.tests.test_content_studio.TestDraftsCRUD" name="test_full_crud" time="0.912" /><testcase classname="backend.tests.test_content_studio.TestDraftsCRUD" name="test_dj_sees_only_own_host_slug" time="0.625" /><testcase classname="backend.tests.test_content_studio.TestDraftsCRUD" name="test_admin_can_use_dj_endpoints" time="0.276" /><testcase classname="backend.tests.test_content_studio.TestSuggest" name="test_suggest_unauth_returns_401" time="0.104" /><testcase classname="backend.tests.test_content_studio.TestSuggest" name="test_suggest_invalid_template_returns_400" time="0.105" /><testcase classname="backend.tests.test_content_studio.TestSuggest" name="test_suggest_today_in_history_returns_10" time="14.636" /><testcase classname="backend.tests.test_content_studio.TestSuggest" name="test_suggest_poll_returns_10_with_question_and_options" time="17.503" /><testcase classname="backend.tests.test_content_studio.TestRegression" name="test_active" time="0.190" /><testcase classname="backend.tests.test_content_studio.TestRegression" name="test_advertisers" time="0.116" /><testcase classname="backend.tests.test_content_studio.TestRegression" name="test_events" time="0.101" /><testcase classname="backend.tests.test_content_studio.TestRegression" name="test_admin_overview" time="0.140" /><testcase classname="backend.tests.test_content_studio.TestRegression" name="test_track_endpoint" time="0.144" /></testsuite></testsuites>