<?xml version="1.0" encoding="utf-8"?><testsuites name="pytest tests"><testsuite name="pytest" errors="0" failures="0" skipped="0" tests="19" time="22.266" timestamp="2026-04-29T05:30:18.113118+00:00" hostname="agent-env-a9680766-dcec-4dd4-953f-1d4a55b3ed63"><testcase classname="backend.tests.test_content_studio.TestAuth" name="test_dj_login_role_and_host_slug" time="0.505" /><testcase classname="backend.tests.test_content_studio.TestAuth" name="test_admin_login_role" time="0.331" /><testcase classname="backend.tests.test_content_studio.TestAuth" name="test_me_returns_role_and_host_slug" time="0.486" /><testcase classname="backend.tests.test_content_studio.TestDjMe" name="test_dj_me_unauth_returns_401" time="0.140" /><testcase classname="backend.tests.test_content_studio.TestDjMe" name="test_dj_me_for_dj" time="0.131" /><testcase classname="backend.tests.test_content_studio.TestDjMe" name="test_dj_me_for_admin" time="0.509" /><testcase classname="backend.tests.test_content_studio.TestTemplates" name="test_templates_returns_8" time="0.125" /><testcase classname="backend.tests.test_content_studio.TestTemplates" name="test_templates_unauth" time="0.121" /><testcase classname="backend.tests.test_content_studio.TestGenerate" name="test_invalid_template_returns_400" time="0.127" /><testcase classname="backend.tests.test_content_studio.TestGenerate" name="test_generate_musical_recommendation" time="11.081" /><testcase classname="backend.tests.test_content_studio.TestGenerate" name="test_generate_with_save_persists_draft" time="6.764" /><testcase classname="backend.tests.test_content_studio.TestDraftsCRUD" name="test_full_crud" time="0.556" /><testcase classname="backend.tests.test_content_studio.TestDraftsCRUD" name="test_dj_sees_only_own_host_slug" time="0.513" /><testcase classname="backend.tests.test_content_studio.TestDraftsCRUD" name="test_admin_can_use_dj_endpoints" time="0.209" /><testcase classname="backend.tests.test_content_studio.TestRegression" name="test_active" time="0.096" /><testcase classname="backend.tests.test_content_studio.TestRegression" name="test_advertisers" time="0.160" /><testcase classname="backend.tests.test_content_studio.TestRegression" name="test_events" time="0.097" /><testcase classname="backend.tests.test_content_studio.TestRegression" name="test_admin_overview" time="0.121" /><testcase classname="backend.tests.test_content_studio.TestRegression" name="test_track_endpoint" time="0.097" /></testsuite></testsuites>