<?xml version="1.0" encoding="utf-8"?><testsuites name="pytest tests"><testsuite name="pytest" errors="0" failures="1" skipped="0" tests="22" time="82.964" timestamp="2026-04-28T20:19:22.198806+00:00" hostname="agent-env-e938e7ad-1d1b-42a6-94ff-4318766306bf"><testcase classname="backend.tests.test_events_rotation.TestHealth" name="test_root" time="0.284" /><testcase classname="backend.tests.test_events_rotation.TestHealth" name="test_public_settings" time="0.058" /><testcase classname="backend.tests.test_events_rotation.TestAuth" name="test_login_success" time="0.296" /><testcase classname="backend.tests.test_events_rotation.TestAuth" name="test_login_invalid" time="0.280" /><testcase classname="backend.tests.test_events_rotation.TestEventsPublic" name="test_list_only_future" time="0.057" /><testcase classname="backend.tests.test_events_rotation.TestEventsPublic" name="test_include_past_param" time="0.070" /><testcase classname="backend.tests.test_events_rotation.TestAdminEventsCRUD" name="test_admin_list" time="0.406" /><testcase classname="backend.tests.test_events_rotation.TestAdminEventsCRUD" name="test_create_event" time="0.053" /><testcase classname="backend.tests.test_events_rotation.TestAdminEventsCRUD" name="test_get_event_by_slug" time="0.055" /><testcase classname="backend.tests.test_events_rotation.TestAdminEventsCRUD" name="test_update_event" time="0.101" /><testcase classname="backend.tests.test_events_rotation.TestAdminEventsCRUD" name="test_delete_event" time="0.107" /><testcase classname="backend.tests.test_events_rotation.TestAdminEventsCRUD" name="test_admin_events_requires_auth" time="0.178" /><testcase classname="backend.tests.test_events_rotation.TestActiveRotation" name="test_active_returns_advertiser_or_event" time="0.067" /><testcase classname="backend.tests.test_events_rotation.TestActiveRotation" name="test_rotation_is_deterministic_per_second" time="0.115" /><testcase classname="backend.tests.test_events_rotation.TestActiveRotation" name="test_rotation_cycles_over_time" time="6.759" /><testcase classname="backend.tests.test_events_rotation.TestEventEligibility" name="test_promoted_event_within_default_window" time="8.653" /><testcase classname="backend.tests.test_events_rotation.TestEventEligibility" name="test_promoted_event_outside_window_excluded" time="4.332" /><testcase classname="backend.tests.test_events_rotation.TestEventEligibility" name="test_custom_promote_from_date_includes_event" time="60.735"><failure message="AssertionError: Event with custom promote_from_date=today should appear in rotation. Seen ids: {'337459b4-d984-4364-8bd1-e89a7ca26b22', '1223b4f0-2b9f-418f-96ab-8610cde240d2'}&#10;assert '01dcc9cd-f711-4559-a868-8cde675dec34' in {'1223b4f0-2b9f-418f-96ab-8610cde240d2', '337459b4-d984-4364-8bd1-e89a7ca26b22'}">backend/tests/test_events_rotation.py:329: in test_custom_promote_from_date_includes_event
    assert eid in seen_ids, (
E   AssertionError: Event with custom promote_from_date=today should appear in rotation. Seen ids: {'337459b4-d984-4364-8bd1-e89a7ca26b22', '1223b4f0-2b9f-418f-96ab-8610cde240d2'}
E   assert '01dcc9cd-f711-4559-a868-8cde675dec34' in {'1223b4f0-2b9f-418f-96ab-8610cde240d2', '337459b4-d984-4364-8bd1-e89a7ca26b22'}</failure></testcase><testcase classname="backend.tests.test_events_rotation.TestRegression" name="test_list_hosts" time="0.067" /><testcase classname="backend.tests.test_events_rotation.TestRegression" name="test_activate_host_auto" time="0.054" /><testcase classname="backend.tests.test_events_rotation.TestRegression" name="test_list_advertisers" time="0.056" /><testcase classname="backend.tests.test_events_rotation.TestRegression" name="test_activate_advertiser_auto" time="0.057" /></testsuite></testsuites>