<?xml version="1.0" encoding="utf-8"?><testsuites name="pytest tests"><testsuite name="pytest" errors="0" failures="0" skipped="0" tests="24" time="5.234" timestamp="2026-04-28T05:49:39.006378+00:00" hostname="agent-env-b1d002b9-1ad8-4b9f-a7f4-0bb7fe250020"><testcase classname="backend.tests.test_radio_api.TestPublic" name="test_root" time="0.192" /><testcase classname="backend.tests.test_radio_api.TestPublic" name="test_settings_no_internal" time="0.043" /><testcase classname="backend.tests.test_radio_api.TestPublic" name="test_advertisers_demo" time="0.043" /><testcase classname="backend.tests.test_radio_api.TestPublic" name="test_get_advertiser_by_slug" time="0.090" /><testcase classname="backend.tests.test_radio_api.TestPublic" name="test_get_advertiser_404" time="0.045" /><testcase classname="backend.tests.test_radio_api.TestAuth" name="test_login_bad_creds" time="0.376" /><testcase classname="backend.tests.test_radio_api.TestAuth" name="test_login_sets_cookie_and_token" time="0.333" /><testcase classname="backend.tests.test_radio_api.TestAuth" name="test_me_with_bearer" time="0.390" /><testcase classname="backend.tests.test_radio_api.TestAuth" name="test_me_without_auth" time="0.101" /><testcase classname="backend.tests.test_radio_api.TestAuth" name="test_logout_clears_cookie" time="0.436" /><testcase classname="backend.tests.test_radio_api.TestAdminSettings" name="test_admin_settings_requires_auth" time="0.104" /><testcase classname="backend.tests.test_radio_api.TestAdminSettings" name="test_admin_get_settings" time="0.128" /><testcase classname="backend.tests.test_radio_api.TestAdminSettings" name="test_admin_update_settings" time="0.205" /><testcase classname="backend.tests.test_radio_api.TestAdvertiserCRUD" name="test_create" time="0.102" /><testcase classname="backend.tests.test_radio_api.TestAdvertiserCRUD" name="test_get_by_slug_after_create" time="0.105" /><testcase classname="backend.tests.test_radio_api.TestAdvertiserCRUD" name="test_update" time="0.107" /><testcase classname="backend.tests.test_radio_api.TestAdvertiserCRUD" name="test_unique_slug" time="0.331" /><testcase classname="backend.tests.test_radio_api.TestActivateFlow" name="test_set_none_returns_null_active" time="0.248" /><testcase classname="backend.tests.test_radio_api.TestActivateFlow" name="test_activate_specific" time="0.544" /><testcase classname="backend.tests.test_radio_api.TestActivateFlow" name="test_auto_with_schedule_match" time="0.422" /><testcase classname="backend.tests.test_radio_api.TestActivateFlow" name="test_activate_invalid_id" time="0.100" /><testcase classname="backend.tests.test_radio_api.TestUpload" name="test_upload_image_and_serve" time="0.465" /><testcase classname="backend.tests.test_radio_api.TestUpload" name="test_upload_unsupported_type" time="0.104" /><testcase classname="backend.tests.test_radio_api.TestUpload" name="test_upload_requires_admin" time="0.131" /></testsuite></testsuites>