<?xml version="1.0" encoding="utf-8"?><testsuites name="pytest tests"><testsuite name="pytest" errors="0" failures="0" skipped="0" tests="22" time="6.156" timestamp="2026-04-28T23:44:07.166728+00:00" hostname="agent-env-e938e7ad-1d1b-42a6-94ff-4318766306bf"><testcase classname="backend.tests.test_tracking_analytics.TestTrackEndpoint" name="test_track_impression_ok" time="0.585" /><testcase classname="backend.tests.test_tracking_analytics.TestTrackEndpoint" name="test_track_click_kinds" time="0.586" /><testcase classname="backend.tests.test_tracking_analytics.TestTrackEndpoint" name="test_track_invalid_kind_400" time="0.121" /><testcase classname="backend.tests.test_tracking_analytics.TestTrackEndpoint" name="test_track_invalid_entity_type_400" time="0.115" /><testcase classname="backend.tests.test_tracking_analytics.TestTrackEndpoint" name="test_track_missing_entity_id_skips" time="0.116" /><testcase classname="backend.tests.test_tracking_analytics.TestTrackEndpoint" name="test_impression_dedup_within_30s" time="1.033" /><testcase classname="backend.tests.test_tracking_analytics.TestAnalyticsEndpoints" name="test_overview_requires_admin" time="0.113" /><testcase classname="backend.tests.test_tracking_analytics.TestAnalyticsEndpoints" name="test_overview_returns_totals_and_items" time="0.619" /><testcase classname="backend.tests.test_tracking_analytics.TestAnalyticsEndpoints" name="test_overview_includes_event_enrichment" time="0.618" /><testcase classname="backend.tests.test_tracking_analytics.TestAnalyticsEndpoints" name="test_entity_analytics_advertiser" time="0.112" /><testcase classname="backend.tests.test_tracking_analytics.TestAnalyticsEndpoints" name="test_entity_analytics_event" time="0.118" /><testcase classname="backend.tests.test_tracking_analytics.TestAnalyticsEndpoints" name="test_entity_analytics_invalid_type" time="0.114" /><testcase classname="backend.tests.test_tracking_analytics.TestAnalyticsEndpoints" name="test_entity_analytics_404" time="0.109" /><testcase classname="backend.tests.test_tracking_analytics.TestReportToken" name="test_admin_advertisers_includes_token" time="0.102" /><testcase classname="backend.tests.test_tracking_analytics.TestReportToken" name="test_public_advertisers_strips_private" time="0.109" /><testcase classname="backend.tests.test_tracking_analytics.TestReportToken" name="test_public_advertiser_by_slug_strips_private" time="0.225" /><testcase classname="backend.tests.test_tracking_analytics.TestReportToken" name="test_public_events_strips_private" time="0.129" /><testcase classname="backend.tests.test_tracking_analytics.TestReportToken" name="test_active_endpoint_strips_private" time="0.102" /><testcase classname="backend.tests.test_tracking_analytics.TestReportToken" name="test_report_token_advertiser" time="0.252" /><testcase classname="backend.tests.test_tracking_analytics.TestReportToken" name="test_report_token_event" time="0.239" /><testcase classname="backend.tests.test_tracking_analytics.TestReportToken" name="test_report_invalid_token_404" time="0.107" /><testcase classname="backend.tests.test_tracking_analytics.TestReportToken" name="test_new_advertiser_auto_generates_token" time="0.464" /></testsuite></testsuites>